(1,55-55) NUEVA_LINEA
(2,1-1) NUEVA_LINEA
(3,1-3) TIPO_ENTERO int
(3,5-5) ID x
(3,6-6) NUEVA_LINEA
(4,1-1) ID x
(4,3-3) ASIGNAR =
(4,5-6) NENTERO 42
(4,7-7) NUEVA_LINEA
(5,1-1) NUEVA_LINEA
(6,22-22) NUEVA_LINEA
(7,1-1) ID x
(7,3-3) ASIGNAR =
(7,5-5) ID x
(7,7-7) DESCONOCIDO @
(7,9-9) NENTERO 5
(7,10-10) NUEVA_LINEA
(8,1-1) NUEVA_LINEA
(9,20-20) NUEVA_LINEA
(10,1-6) TIPO_CADENA string
(10,8-10) ID msg
(10,11-11) NUEVA_LINEA
(11,1-3) ID msg
(11,5-5) ASIGNAR =
(11,7-23) DESCONOCIDO "texto sin cerrar
(11,24-24) NUEVA_LINEA
(12,1-1) NUEVA_LINEA
(13,44-44) NUEVA_LINEA
(14,1-3) TIPO_ENTERO int
(14,5-53) ID nombreDeVariableExcesivamenteLa
(14,54-54) NUEVA_LINEA
(15,1-49) ID nombreDeVariableExcesivamenteLa
(15,51-51) ASIGNAR =
(15,53-54) NENTERO 10
(15,55-55) NUEVA_LINEA
(16,1-1) NUEVA_LINEA
(17,41-41) NUEVA_LINEA
(18,1-5) ESCRIBIR write
(18,6-6) PAR_IZQ (
(18,7-7) ID x
(18,8-8) PAR_DER )
(18,9-9) NUEVA_LINEA
(19,1-1) FIN
