(1,52-52) NUEVA_LINEA
(2,1-1) NUEVA_LINEA
(3,1-3) TIPO_ENTERO int
(3,5-10) ID limite
(3,11-11) NUEVA_LINEA
(4,1-3) TIPO_ENTERO int
(4,5-12) ID contador
(4,13-13) NUEVA_LINEA
(5,1-3) TIPO_ENTERO int
(5,5-8) ID suma
(5,9-9) NUEVA_LINEA
(6,1-5) TIPO_FLOAT float
(6,7-14) ID promedio
(6,15-15) NUEVA_LINEA
(7,1-1) NUEVA_LINEA
(8,1-5) ESCRIBIR write
(8,6-6) PAR_IZQ (
(8,7-40) CADENA Ingresa el límite del contador: 
(8,41-41) PAR_DER )
(8,42-42) NUEVA_LINEA
(9,1-4) LEER read
(9,5-5) PAR_IZQ (
(9,6-11) ID limite
(9,12-12) PAR_DER )
(9,13-13) NUEVA_LINEA
(10,1-1) NUEVA_LINEA
(11,1-8) ID contador
(11,10-10) ASIGNAR =
(11,12-12) NENTERO 1
(11,13-13) NUEVA_LINEA
(12,1-4) ID suma
(12,6-6) ASIGNAR =
(12,8-8) NENTERO 0
(12,9-9) NUEVA_LINEA
(13,1-1) NUEVA_LINEA
(14,1-5) MIENTRAS while
(14,7-14) ID contador
(14,16-17) MENOR_IGUAL <=
(14,19-24) ID limite
(14,25-25) DOS_PUNTOS :
(14,26-26) NUEVA_LINEA
(15,1-1) INDENTAR
(15,5-9) ESCRIBIR write
(15,10-10) PAR_IZQ (
(15,11-20) CADENA Número: 
(15,21-21) PAR_DER )
(15,22-22) NUEVA_LINEA
(16,5-9) ESCRIBIR write
(16,10-10) PAR_IZQ (
(16,11-18) ID contador
(16,19-19) PAR_DER )
(16,20-20) NUEVA_LINEA
(17,5-8) ID suma
(17,10-10) ASIGNAR =
(17,12-15) ID suma
(17,17-17) MAS +
(17,19-26) ID contador
(17,27-27) NUEVA_LINEA
(18,5-12) ID contador
(18,14-15) MAS_IGUAL +=
(18,17-17) NENTERO 1
(18,18-18) NUEVA_LINEA
(19,1-1) NUEVA_LINEA
(20,1-1) DESINDENTAR
(20,1-8) ID promedio
(20,10-10) ASIGNAR =
(20,12-15) ID suma
(20,17-17) DIV /
(20,19-24) ID limite
(20,25-25) NUEVA_LINEA
(21,1-5) ESCRIBIR write
(21,6-6) PAR_IZQ (
(21,7-20) CADENA Suma total: 
(21,21-21) PAR_DER )
(21,22-22) NUEVA_LINEA
(22,1-5) ESCRIBIR write
(22,6-6) PAR_IZQ (
(22,7-10) ID suma
(22,11-11) PAR_DER )
(22,12-12) NUEVA_LINEA
(23,1-5) ESCRIBIR write
(23,6-6) PAR_IZQ (
(23,7-18) CADENA Promedio: 
(23,19-19) PAR_DER )
(23,20-20) NUEVA_LINEA
(24,1-5) ESCRIBIR write
(24,6-6) PAR_IZQ (
(24,7-14) ID promedio
(24,15-15) PAR_DER )
(24,16-16) NUEVA_LINEA
(25,1-1) FIN
